2015-12-14 21:04:42,533 INFO  [Log] **************************************************************************************** 
2015-12-14 21:04:42,533 INFO  [Log] **************************************************************************************** 
2015-12-14 21:04:42,533 INFO  [Log] $$$$$$$$$$$$$$$$$$$$$                 HomePageSingInTest       $$$$$$$$$$$$$$$$$$$$$$$$$ 
2015-12-14 21:04:42,533 INFO  [Log] **************************************************************************************** 
2015-12-14 21:04:42,533 INFO  [Log] **************************************************************************************** 
2015-12-14 21:05:05,932 INFO  [Log] URL is invoked 
2015-12-14 21:05:13,001 INFO  [Log] Row count = 2 
2015-12-14 21:05:13,980 INFO  [Log] Entering the username = merchantedwsqa1@gmail.com 
2015-12-14 21:05:14,121 INFO  [Log] Entering the username = 1234test 
2015-12-14 21:05:14,261 INFO  [Log] Clicking SignIn Button 
2015-12-14 21:05:26,657 INFO  [Log] Calling Screenshot method 
2015-12-14 21:05:29,632 INFO  [Log] Clicking SignOut Button 
2015-12-14 21:05:34,742 INFO  [Log] Clicking on Sing-In Button after sign-out in the ipn home page 
2015-12-14 21:05:34,900 INFO  [Log] Entering the username = qbbsipn@gmail.com 
2015-12-14 21:05:35,033 INFO  [Log] Entering the username = mohan123 
2015-12-14 21:05:35,212 INFO  [Log] Clicking SignIn Button 
2015-12-14 21:05:45,301 INFO  [Log] Calling Screenshot method 
2015-12-14 21:05:46,187 INFO  [Log] Quitting browser instance 
2015-12-14 21:05:46,187 INFO  [Log] XXXXXXXXXXXXXXXXXXXXXXX             -E---N---D-             XXXXXXXXXXXXXXXXXXXXXX 
2015-12-14 21:05:46,187 INFO  [Log] X 
2015-12-14 21:05:46,187 INFO  [Log] X 
2015-12-14 21:05:46,187 INFO  [Log] X 
2015-12-14 21:05:46,187 INFO  [Log] X 
2015-12-14 21:22:19,046 INFO  [Log] **************************************************************************************** 
2015-12-14 21:22:19,046 INFO  [Log] **************************************************************************************** 
2015-12-14 21:22:19,046 INFO  [Log] $$$$$$$$$$$$$$$$$$$$$                 HomePageSingInTest       $$$$$$$$$$$$$$$$$$$$$$$$$ 
2015-12-14 21:22:19,046 INFO  [Log] **************************************************************************************** 
2015-12-14 21:22:19,046 INFO  [Log] **************************************************************************************** 
2015-12-14 21:22:42,776 INFO  [Log] URL is invoked 
2015-12-14 21:22:49,663 INFO  [Log] Row count = 2 
2015-12-14 21:22:49,849 INFO  [Log] Entering the username = merchantedwsqa1@gmail.com 
2015-12-14 21:22:49,982 INFO  [Log] Entering the username = 1234test 
2015-12-14 21:22:50,161 INFO  [Log] Clicking SignIn Button 
2015-12-14 21:23:02,243 INFO  [Log] Calling Screenshot method 
2015-12-14 21:23:16,993 INFO  [Log] Clicking SignOut Button 
2015-12-14 21:23:21,819 INFO  [Log] Clicking on Sign-In Button after sign-out in the IPN home page 
2015-12-14 21:23:22,004 INFO  [Log] Entering the username = qbbsipn@gmail.com 
2015-12-14 21:23:22,144 INFO  [Log] Entering the username = mohan123 
2015-12-14 21:23:22,332 INFO  [Log] Clicking SignIn Button 
2015-12-14 21:23:32,396 INFO  [Log] Calling Screenshot method 
2015-12-14 21:23:33,270 INFO  [Log] Quitting browser instance 
2015-12-14 21:23:33,270 INFO  [Log] XXXXXXXXXXXXXXXXXXXXXXX             -E---N---D-             XXXXXXXXXXXXXXXXXXXXXX 
2015-12-14 21:23:33,270 INFO  [Log] X 
2015-12-14 21:23:33,270 INFO  [Log] X 
2015-12-14 21:23:33,270 INFO  [Log] X 
2015-12-14 21:23:33,270 INFO  [Log] X 
2015-12-18 09:00:45,973 INFO  [Log] **************************************************************************************** 
2015-12-18 09:00:45,973 INFO  [Log] **************************************************************************************** 
2015-12-18 09:00:45,973 INFO  [Log] $$$$$$$$$$$$$$$$$$$$$                 HomePageSingInTest       $$$$$$$$$$$$$$$$$$$$$$$$$ 
2015-12-18 09:00:45,973 INFO  [Log] **************************************************************************************** 
2015-12-18 09:00:45,973 INFO  [Log] **************************************************************************************** 
2015-12-18 09:00:56,336 INFO  [Log] URL is invoked 
2015-12-18 09:00:56,958 INFO  [Log] Calling Screenshot method 
2015-12-18 09:00:58,191 INFO  [Log] Quitting browser instance 
2015-12-18 09:00:58,191 INFO  [Log] XXXXXXXXXXXXXXXXXXXXXXX             -E---N---D-             XXXXXXXXXXXXXXXXXXXXXX 
2015-12-18 09:00:58,191 INFO  [Log] X 
2015-12-18 09:00:58,191 INFO  [Log] X 
2015-12-18 09:00:58,191 INFO  [Log] X 
2015-12-18 09:00:58,191 INFO  [Log] X 
2015-12-18 09:02:06,713 INFO  [Log] **************************************************************************************** 
2015-12-18 09:02:06,713 INFO  [Log] **************************************************************************************** 
2015-12-18 09:02:06,713 INFO  [Log] $$$$$$$$$$$$$$$$$$$$$                 HomePageSingInTest       $$$$$$$$$$$$$$$$$$$$$$$$$ 
2015-12-18 09:02:06,713 INFO  [Log] **************************************************************************************** 
2015-12-18 09:02:06,713 INFO  [Log] **************************************************************************************** 
2015-12-18 09:02:14,537 INFO  [Log] URL is invoked 
2015-12-18 09:02:28,151 INFO  [Log] Row count = 2 
2015-12-18 09:02:37,819 INFO  [Log] Calling Screenshot method 
2015-12-18 09:02:39,654 INFO  [Log] Quitting browser instance 
2015-12-18 09:02:39,654 INFO  [Log] XXXXXXXXXXXXXXXXXXXXXXX             -E---N---D-             XXXXXXXXXXXXXXXXXXXXXX 
2015-12-18 09:02:39,654 INFO  [Log] X 
2015-12-18 09:02:39,654 INFO  [Log] X 
2015-12-18 09:02:39,654 INFO  [Log] X 
2015-12-18 09:02:39,654 INFO  [Log] X 
2015-12-18 09:02:59,995 INFO  [Log] **************************************************************************************** 
2015-12-18 09:02:59,995 INFO  [Log] **************************************************************************************** 
2015-12-18 09:02:59,995 INFO  [Log] $$$$$$$$$$$$$$$$$$$$$                 HomePageSingInTest       $$$$$$$$$$$$$$$$$$$$$$$$$ 
2015-12-18 09:02:59,995 INFO  [Log] **************************************************************************************** 
2015-12-18 09:02:59,995 INFO  [Log] **************************************************************************************** 
2015-12-18 09:03:22,571 INFO  [Log] URL is invoked 
2015-12-18 09:03:32,864 INFO  [Log] Row count = 2 
2015-12-18 09:03:34,253 INFO  [Log] Entering the username = merchantedwsqa1@gmail.com 
2015-12-18 09:03:34,419 INFO  [Log] Entering the username = 1234test 
2015-12-18 09:03:34,560 INFO  [Log] Clicking SignIn Button after entering username and password 
2015-12-18 09:03:46,357 INFO  [Log] Calling Screenshot method 
2015-12-18 09:03:50,202 INFO  [Log] Clicking SignOut Button 
2015-12-18 09:03:54,699 INFO  [Log] Clicking on Sign-In Button after sign-out in the IPN overview page 
2015-12-18 09:03:54,961 INFO  [Log] Entering the username = qbbsipn@gmail.com 
2015-12-18 09:03:55,167 INFO  [Log] Entering the username = mohan123 
2015-12-18 09:03:55,289 INFO  [Log] Clicking SignIn Button after entering username and password 
2015-12-18 09:04:05,346 INFO  [Log] Calling Screenshot method 
2015-12-18 09:04:06,132 INFO  [Log] Quitting browser instance 
2015-12-18 09:04:06,132 INFO  [Log] XXXXXXXXXXXXXXXXXXXXXXX             -E---N---D-             XXXXXXXXXXXXXXXXXXXXXX 
2015-12-18 09:04:06,132 INFO  [Log] X 
2015-12-18 09:04:06,132 INFO  [Log] X 
2015-12-18 09:04:06,132 INFO  [Log] X 
2015-12-18 09:04:06,132 INFO  [Log] X 
2016-02-07 16:59:07,524 INFO  [Log] **************************************************************************************** 
2016-02-07 16:59:07,525 INFO  [Log] **************************************************************************************** 
2016-02-07 16:59:07,525 INFO  [Log] $$$$$$$$$$$$$$$$$$$$$                 HomePageSingInTest       $$$$$$$$$$$$$$$$$$$$$$$$$ 
2016-02-07 16:59:07,525 INFO  [Log] **************************************************************************************** 
2016-02-07 16:59:07,525 INFO  [Log] **************************************************************************************** 
2016-02-07 16:59:22,795 INFO  [Log] URL is invoked 
2016-02-07 16:59:47,987 INFO  [Log] Row count = 2 
2016-02-07 16:59:48,199 INFO  [Log] Entering the username = merchantedwsqa1@gmail.com 
2016-02-07 16:59:48,346 INFO  [Log] Entering the username = 1234test 
2016-02-07 16:59:48,476 INFO  [Log] Clicking SignIn Button after entering username and password 
2016-02-07 17:00:09,282 INFO  [Log] Calling Screenshot method 
2016-02-07 17:00:13,205 INFO  [Log] Clicking SignOut Button 
2016-02-07 17:00:18,039 INFO  [Log] Clicking on Sign-In Button after sign-out in the IPN overview page 
2016-02-07 17:00:18,204 INFO  [Log] Entering the username = qbbsipn@gmail.com 
2016-02-07 17:00:18,345 INFO  [Log] Entering the username = mohan123 
2016-02-07 17:00:18,647 INFO  [Log] Clicking SignIn Button after entering username and password 
2016-02-07 17:00:28,717 INFO  [Log] Calling Screenshot method 
2016-02-07 17:00:30,086 INFO  [Log] Quitting browser instance 
2016-02-07 17:00:30,087 INFO  [Log] XXXXXXXXXXXXXXXXXXXXXXX             -E---N---D-             XXXXXXXXXXXXXXXXXXXXXX 
2016-02-07 17:00:30,087 INFO  [Log] X 
2016-02-07 17:00:30,087 INFO  [Log] X 
2016-02-07 17:00:30,087 INFO  [Log] X 
2016-02-07 17:00:30,087 INFO  [Log] X 
2016-02-24 23:44:52,606 INFO  [Log] **************************************************************************************** 
2016-02-24 23:44:52,606 INFO  [Log] **************************************************************************************** 
2016-02-24 23:44:52,606 INFO  [Log] $$$$$$$$$$$$$$$$$$$$$                 HomePageSingInTest       $$$$$$$$$$$$$$$$$$$$$$$$$ 
2016-02-24 23:44:52,607 INFO  [Log] **************************************************************************************** 
2016-02-24 23:44:52,607 INFO  [Log] **************************************************************************************** 
2016-02-24 23:45:05,309 INFO  [Log] URL is invoked 
2016-02-24 23:45:13,516 INFO  [Log] Row count = 2 
2016-02-24 23:45:18,885 INFO  [Log] Calling Screenshot method 
2016-02-24 23:45:21,595 INFO  [Log] Quitting browser instance 
2016-02-24 23:45:21,596 INFO  [Log] XXXXXXXXXXXXXXXXXXXXXXX             -E---N---D-             XXXXXXXXXXXXXXXXXXXXXX 
2016-02-24 23:45:21,596 INFO  [Log] X 
2016-02-24 23:45:21,596 INFO  [Log] X 
2016-02-24 23:45:21,596 INFO  [Log] X 
2016-02-24 23:45:21,596 INFO  [Log] X 
2016-02-28 01:53:27,388 INFO  [Log] **************************************************************************************** 
2016-02-28 01:53:27,389 INFO  [Log] **************************************************************************************** 
2016-02-28 01:53:27,389 INFO  [Log] $$$$$$$$$$$$$$$$$$$$$                 HomePageSingInTest       $$$$$$$$$$$$$$$$$$$$$$$$$ 
2016-02-28 01:53:27,389 INFO  [Log] **************************************************************************************** 
2016-02-28 01:53:27,389 INFO  [Log] **************************************************************************************** 
